07-02-2024 19:04:59 DEBUG | asyncio | Using proactor: IocpProactor
07-02-2024 19:14:42 DEBUG | asyncio | Using proactor: IocpProactor
07-02-2024 19:17:17 DEBUG | asyncio | Using proactor: IocpProactor
07-02-2024 22:08:28 DEBUG | asyncio | Using proactor: IocpProactor
07-02-2024 22:09:28 WARNING | passlib.handlers.bcrypt | (trapped) error reading bcrypt version
Traceback (most recent call last):
  File "C:\Users\JustPC\AppData\Local\Programs\Python\Python312\Lib\site-packages\passlib\handlers\bcrypt.py", line 620, in _load_backend_mixin
    version = _bcrypt.__about__.__version__
              ^^^^^^^^^^^^^^^^^
AttributeError: module 'bcrypt' has no attribute '__about__'
07-02-2024 22:09:28 DEBUG | passlib.handlers.bcrypt | detected 'bcrypt' backend, version '<unknown>'
07-02-2024 22:09:28 DEBUG | passlib.handlers.bcrypt | 'bcrypt' backend lacks $2$ support, enabling workaround
08-02-2024 10:42:58 DEBUG | asyncio | Using proactor: IocpProactor
08-02-2024 10:43:41 DEBUG | asyncio | Using proactor: IocpProactor
08-02-2024 10:44:47 DEBUG | asyncio | Using proactor: IocpProactor
08-02-2024 10:48:43 DEBUG | asyncio | Using proactor: IocpProactor
08-02-2024 10:48:55 DEBUG | asyncio | Using proactor: IocpProactor
08-02-2024 14:23:44 DEBUG | asyncio | Using proactor: IocpProactor
08-02-2024 14:24:13 DEBUG | passlib.handlers.bcrypt | bcrypt 'builtin' backend not enabled via $PASSLIB_BUILTIN_BCRYPT
08-02-2024 14:24:33 DEBUG | asyncio | Using proactor: IocpProactor
08-02-2024 14:24:37 WARNING | passlib.handlers.bcrypt | (trapped) error reading bcrypt version
Traceback (most recent call last):
  File "C:\Users\JustPC\AppData\Local\pypoetry\Cache\virtualenvs\user-managment-dWKhb_az-py3.12\Lib\site-packages\passlib\handlers\bcrypt.py", line 620, in _load_backend_mixin
    version = _bcrypt.__about__.__version__
              ^^^^^^^^^^^^^^^^^
AttributeError: module 'bcrypt' has no attribute '__about__'
08-02-2024 14:24:37 DEBUG | passlib.handlers.bcrypt | detected 'bcrypt' backend, version '<unknown>'
08-02-2024 14:24:37 DEBUG | passlib.handlers.bcrypt | 'bcrypt' backend lacks $2$ support, enabling workaround
08-02-2024 14:25:50 DEBUG | asyncio | Using proactor: IocpProactor
08-02-2024 15:10:39 DEBUG | asyncio | Using proactor: IocpProactor
08-02-2024 15:12:42 DEBUG | asyncio | Using proactor: IocpProactor
